{"timestamp":"2019-08-13 10:01:35.382", "app": "k8s-test-app", "level": "INFO", "msg": "Starting AppApplication on echisandeMac-mini.local with PID 1526 (/Users/echisan/Desktop/learn-k8s/app/target/classes started by echisan in /Users/echisan/Desktop/learn-k8s/app)", "thread":"main", "class":"cn.echisan.elk.app.AppApplication"}
{"timestamp":"2019-08-13 10:01:35.385", "app": "k8s-test-app", "level": "INFO", "msg": "No active profile set, falling back to default profiles: default", "thread":"main", "class":"cn.echisan.elk.app.AppApplication"}
{"timestamp":"2019-08-13 10:01:36.767", "app": "k8s-test-app", "level": "INFO", "msg": "Bean 'net.bull.javamelody.JavaMelodyAutoConfiguration' of type [net.bull.javamelody.JavaMelodyAutoConfiguration$$EnhancerBySpringCGLIB$$781c39bc] is not eligible for getting processed by all BeanPostProcessors (for example: not eligible for auto-proxying)", "thread":"main", "class":"o.s.c.s.PostProcessorRegistrationDelegate$BeanPostProcessorChecker"}
{"timestamp":"2019-08-13 10:01:36.833", "app": "k8s-test-app", "level": "INFO", "msg": "Bean 'monitoringSpringAdvisor' of type [net.bull.javamelody.MonitoringSpringAdvisor] is not eligible for getting processed by all BeanPostProcessors (for example: not eligible for auto-proxying)", "thread":"main", "class":"o.s.c.s.PostProcessorRegistrationDelegate$BeanPostProcessorChecker"}
{"timestamp":"2019-08-13 10:01:36.834", "app": "k8s-test-app", "level": "INFO", "msg": "Bean 'monitoringSpringServiceAdvisor' of type [net.bull.javamelody.MonitoringSpringAdvisor] is not eligible for getting processed by all BeanPostProcessors (for example: not eligible for auto-proxying)", "thread":"main", "class":"o.s.c.s.PostProcessorRegistrationDelegate$BeanPostProcessorChecker"}
{"timestamp":"2019-08-13 10:01:36.834", "app": "k8s-test-app", "level": "INFO", "msg": "Bean 'monitoringSpringControllerAdvisor' of type [net.bull.javamelody.MonitoringSpringAdvisor] is not eligible for getting processed by all BeanPostProcessors (for example: not eligible for auto-proxying)", "thread":"main", "class":"o.s.c.s.PostProcessorRegistrationDelegate$BeanPostProcessorChecker"}
{"timestamp":"2019-08-13 10:01:36.835", "app": "k8s-test-app", "level": "INFO", "msg": "Bean 'monitoringSpringRestControllerAdvisor' of type [net.bull.javamelody.MonitoringSpringAdvisor] is not eligible for getting processed by all BeanPostProcessors (for example: not eligible for auto-proxying)", "thread":"main", "class":"o.s.c.s.PostProcessorRegistrationDelegate$BeanPostProcessorChecker"}
{"timestamp":"2019-08-13 10:01:36.840", "app": "k8s-test-app", "level": "INFO", "msg": "Bean 'monitoringSpringAsyncAdvisor' of type [net.bull.javamelody.MonitoringSpringAdvisor] is not eligible for getting processed by all BeanPostProcessors (for example: not eligible for auto-proxying)", "thread":"main", "class":"o.s.c.s.PostProcessorRegistrationDelegate$BeanPostProcessorChecker"}
{"timestamp":"2019-08-13 10:01:36.841", "app": "k8s-test-app", "level": "INFO", "msg": "Bean 'monitoringSpringScheduledAdvisor' of type [net.bull.javamelody.MonitoringSpringAdvisor] is not eligible for getting processed by all BeanPostProcessors (for example: not eligible for auto-proxying)", "thread":"main", "class":"o.s.c.s.PostProcessorRegistrationDelegate$BeanPostProcessorChecker"}
{"timestamp":"2019-08-13 10:01:37.170", "app": "k8s-test-app", "level": "INFO", "msg": "Tomcat initialized with port(s): 8888 (http)", "thread":"main", "class":"o.s.b.w.e.tomcat.TomcatWebServer"}
{"timestamp":"2019-08-13 10:01:37.219", "app": "k8s-test-app", "level": "INFO", "msg": "Starting service [Tomcat]", "thread":"main", "class":"o.a.catalina.core.StandardService"}
{"timestamp":"2019-08-13 10:01:37.219", "app": "k8s-test-app", "level": "INFO", "msg": "Starting Servlet engine: [Apache Tomcat/9.0.21]", "thread":"main", "class":"o.a.catalina.core.StandardEngine"}
{"timestamp":"2019-08-13 10:01:37.333", "app": "k8s-test-app", "level": "INFO", "msg": "Initializing Spring embedded WebApplicationContext", "thread":"main", "class":"o.a.c.c.C.[Tomcat].[localhost].[/]"}
{"timestamp":"2019-08-13 10:01:37.333", "app": "k8s-test-app", "level": "INFO", "msg": "Root WebApplicationContext: initialization completed in 1906 ms", "thread":"main", "class":"o.s.web.context.ContextLoader"}
{"timestamp":"2019-08-13 10:01:37.963", "app": "k8s-test-app", "level": "INFO", "msg": "Initializing ExecutorService 'applicationTaskExecutor'", "thread":"main", "class":"o.s.s.c.ThreadPoolTaskExecutor"}
{"timestamp":"2019-08-13 10:01:38.800", "app": "k8s-test-app", "level": "INFO", "msg": "Tomcat started on port(s): 8888 (http) with context path ''", "thread":"main", "class":"o.s.b.w.e.tomcat.TomcatWebServer"}
{"timestamp":"2019-08-13 10:01:39.225", "app": "k8s-test-app", "level": "INFO", "msg": "Tomcat initialized with port(s): 8089 (http)", "thread":"main", "class":"o.s.b.w.e.tomcat.TomcatWebServer"}
{"timestamp":"2019-08-13 10:01:39.227", "app": "k8s-test-app", "level": "INFO", "msg": "Starting service [Tomcat]", "thread":"main", "class":"o.a.catalina.core.StandardService"}
{"timestamp":"2019-08-13 10:01:39.227", "app": "k8s-test-app", "level": "INFO", "msg": "Starting Servlet engine: [Apache Tomcat/9.0.21]", "thread":"main", "class":"o.a.catalina.core.StandardEngine"}
{"timestamp":"2019-08-13 10:01:39.237", "app": "k8s-test-app", "level": "INFO", "msg": "Initializing Spring embedded WebApplicationContext", "thread":"main", "class":"o.a.c.c.C.[Tomcat-1].[localhost].[/]"}
{"timestamp":"2019-08-13 10:01:39.238", "app": "k8s-test-app", "level": "INFO", "msg": "Root WebApplicationContext: initialization completed in 433 ms", "thread":"main", "class":"o.s.web.context.ContextLoader"}
{"timestamp":"2019-08-13 10:01:39.281", "app": "k8s-test-app", "level": "INFO", "msg": "Exposing 17 endpoint(s) beneath base path '/actuator'", "thread":"main", "class":"o.s.b.a.e.web.EndpointLinksResolver"}
{"timestamp":"2019-08-13 10:01:39.384", "app": "k8s-test-app", "level": "INFO", "msg": "Tomcat started on port(s): 8089 (http) with context path ''", "thread":"main", "class":"o.s.b.w.e.tomcat.TomcatWebServer"}
{"timestamp":"2019-08-13 10:01:39.388", "app": "k8s-test-app", "level": "INFO", "msg": "Started AppApplication in 4.629 seconds (JVM running for 6.715)", "thread":"main", "class":"cn.echisan.elk.app.AppApplication"}
{"timestamp":"2019-08-13 10:01:39.955", "app": "k8s-test-app", "level": "INFO", "msg": "Initializing Spring DispatcherServlet 'dispatcherServlet'", "thread":"RMI TCP Connection(4)-192.168.2.109", "class":"o.a.c.c.C.[Tomcat].[localhost].[/]"}
{"timestamp":"2019-08-13 10:01:39.955", "app": "k8s-test-app", "level": "INFO", "msg": "Initializing Servlet 'dispatcherServlet'", "thread":"RMI TCP Connection(4)-192.168.2.109", "class":"o.s.web.servlet.DispatcherServlet"}
{"timestamp":"2019-08-13 10:01:39.965", "app": "k8s-test-app", "level": "INFO", "msg": "Completed initialization in 9 ms", "thread":"RMI TCP Connection(4)-192.168.2.109", "class":"o.s.web.servlet.DispatcherServlet"}
{"timestamp":"2019-08-13 10:02:26.046", "app": "k8s-test-app", "level": "INFO", "msg": "remoteAddr = 0:0:0:0:0:0:0:1, request = /favicon.ico GET: 35 ms, 0 Ko", "thread":"http-nio-8888-exec-2", "class":"javamelody"}
{"timestamp":"2019-08-13 10:02:37.239", "app": "k8s-test-app", "level": "INFO", "msg": "remoteAddr = 0:0:0:0:0:0:0:1, request = /actuator/monitoring GET: 4 ms, erreur, 0 Ko", "thread":"http-nio-8888-exec-4", "class":"javamelody"}
{"timestamp":"2019-08-13 10:06:48.988", "app": "k8s-test-app", "level": "INFO", "msg": "Shutting down ExecutorService 'applicationTaskExecutor'", "thread":"Thread-13", "class":"o.s.s.c.ThreadPoolTaskExecutor"}
{"timestamp":"2019-08-13 10:06:56.623", "app": "k8s-test-app", "level": "INFO", "msg": "Starting AppApplication on echisandeMac-mini.local with PID 1572 (/Users/echisan/Desktop/learn-k8s/app/target/classes started by echisan in /Users/echisan/Desktop/learn-k8s/app)", "thread":"main", "class":"cn.echisan.elk.app.AppApplication"}
{"timestamp":"2019-08-13 10:06:56.644", "app": "k8s-test-app", "level": "INFO", "msg": "No active profile set, falling back to default profiles: default", "thread":"main", "class":"cn.echisan.elk.app.AppApplication"}
{"timestamp":"2019-08-13 10:06:58.457", "app": "k8s-test-app", "level": "INFO", "msg": "Bean 'net.bull.javamelody.JavaMelodyAutoConfiguration' of type [net.bull.javamelody.JavaMelodyAutoConfiguration$$EnhancerBySpringCGLIB$$fd945dbe] is not eligible for getting processed by all BeanPostProcessors (for example: not eligible for auto-proxying)", "thread":"main", "class":"o.s.c.s.PostProcessorRegistrationDelegate$BeanPostProcessorChecker"}
{"timestamp":"2019-08-13 10:06:58.597", "app": "k8s-test-app", "level": "INFO", "msg": "Bean 'monitoringSpringAdvisor' of type [net.bull.javamelody.MonitoringSpringAdvisor] is not eligible for getting processed by all BeanPostProcessors (for example: not eligible for auto-proxying)", "thread":"main", "class":"o.s.c.s.PostProcessorRegistrationDelegate$BeanPostProcessorChecker"}
{"timestamp":"2019-08-13 10:06:58.600", "app": "k8s-test-app", "level": "INFO", "msg": "Bean 'monitoringSpringServiceAdvisor' of type [net.bull.javamelody.MonitoringSpringAdvisor] is not eligible for getting processed by all BeanPostProcessors (for example: not eligible for auto-proxying)", "thread":"main", "class":"o.s.c.s.PostProcessorRegistrationDelegate$BeanPostProcessorChecker"}
{"timestamp":"2019-08-13 10:06:58.601", "app": "k8s-test-app", "level": "INFO", "msg": "Bean 'monitoringSpringControllerAdvisor' of type [net.bull.javamelody.MonitoringSpringAdvisor] is not eligible for getting processed by all BeanPostProcessors (for example: not eligible for auto-proxying)", "thread":"main", "class":"o.s.c.s.PostProcessorRegistrationDelegate$BeanPostProcessorChecker"}
{"timestamp":"2019-08-13 10:06:58.602", "app": "k8s-test-app", "level": "INFO", "msg": "Bean 'monitoringSpringRestControllerAdvisor' of type [net.bull.javamelody.MonitoringSpringAdvisor] is not eligible for getting processed by all BeanPostProcessors (for example: not eligible for auto-proxying)", "thread":"main", "class":"o.s.c.s.PostProcessorRegistrationDelegate$BeanPostProcessorChecker"}
{"timestamp":"2019-08-13 10:06:58.616", "app": "k8s-test-app", "level": "INFO", "msg": "Bean 'monitoringSpringAsyncAdvisor' of type [net.bull.javamelody.MonitoringSpringAdvisor] is not eligible for getting processed by all BeanPostProcessors (for example: not eligible for auto-proxying)", "thread":"main", "class":"o.s.c.s.PostProcessorRegistrationDelegate$BeanPostProcessorChecker"}
{"timestamp":"2019-08-13 10:06:58.620", "app": "k8s-test-app", "level": "INFO", "msg": "Bean 'monitoringSpringScheduledAdvisor' of type [net.bull.javamelody.MonitoringSpringAdvisor] is not eligible for getting processed by all BeanPostProcessors (for example: not eligible for auto-proxying)", "thread":"main", "class":"o.s.c.s.PostProcessorRegistrationDelegate$BeanPostProcessorChecker"}
{"timestamp":"2019-08-13 10:06:58.951", "app": "k8s-test-app", "level": "INFO", "msg": "Tomcat initialized with port(s): 8888 (http)", "thread":"main", "class":"o.s.b.w.e.tomcat.TomcatWebServer"}
{"timestamp":"2019-08-13 10:06:58.971", "app": "k8s-test-app", "level": "INFO", "msg": "Starting service [Tomcat]", "thread":"main", "class":"o.a.catalina.core.StandardService"}
{"timestamp":"2019-08-13 10:06:58.971", "app": "k8s-test-app", "level": "INFO", "msg": "Starting Servlet engine: [Apache Tomcat/9.0.21]", "thread":"main", "class":"o.a.catalina.core.StandardEngine"}
{"timestamp":"2019-08-13 10:06:59.070", "app": "k8s-test-app", "level": "INFO", "msg": "Initializing Spring embedded WebApplicationContext", "thread":"main", "class":"o.a.c.c.C.[Tomcat].[localhost].[/]"}
{"timestamp":"2019-08-13 10:06:59.071", "app": "k8s-test-app", "level": "INFO", "msg": "Root WebApplicationContext: initialization completed in 2328 ms", "thread":"main", "class":"o.s.web.context.ContextLoader"}
{"timestamp":"2019-08-13 10:06:59.759", "app": "k8s-test-app", "level": "INFO", "msg": "Initializing ExecutorService 'applicationTaskExecutor'", "thread":"main", "class":"o.s.s.c.ThreadPoolTaskExecutor"}
{"timestamp":"2019-08-13 10:07:00.100", "app": "k8s-test-app", "level": "INFO", "msg": "Exposing 2 endpoint(s) beneath base path '/actuator'", "thread":"main", "class":"o.s.b.a.e.web.EndpointLinksResolver"}
{"timestamp":"2019-08-13 10:07:00.199", "app": "k8s-test-app", "level": "INFO", "msg": "Tomcat started on port(s): 8888 (http) with context path ''", "thread":"main", "class":"o.s.b.w.e.tomcat.TomcatWebServer"}
{"timestamp":"2019-08-13 10:07:00.205", "app": "k8s-test-app", "level": "INFO", "msg": "Started AppApplication in 4.356 seconds (JVM running for 6.084)", "thread":"main", "class":"cn.echisan.elk.app.AppApplication"}
{"timestamp":"2019-08-13 10:07:00.788", "app": "k8s-test-app", "level": "INFO", "msg": "Initializing Spring DispatcherServlet 'dispatcherServlet'", "thread":"RMI TCP Connection(4)-192.168.2.109", "class":"o.a.c.c.C.[Tomcat].[localhost].[/]"}
{"timestamp":"2019-08-13 10:07:00.788", "app": "k8s-test-app", "level": "INFO", "msg": "Initializing Servlet 'dispatcherServlet'", "thread":"RMI TCP Connection(4)-192.168.2.109", "class":"o.s.web.servlet.DispatcherServlet"}
{"timestamp":"2019-08-13 10:07:00.801", "app": "k8s-test-app", "level": "INFO", "msg": "Completed initialization in 13 ms", "thread":"RMI TCP Connection(4)-192.168.2.109", "class":"o.s.web.servlet.DispatcherServlet"}
{"timestamp":"2019-08-13 10:08:08.409", "app": "k8s-test-app", "level": "INFO", "msg": "msg:Message(id=-444984351, content=d30bca41-8b71-4608-a3c5-cc49fda46fb9)", "thread":"http-nio-8888-exec-10", "class":"cn.echisan.elk.app.LogController"}
{"timestamp":"2019-08-13 10:08:08.449", "app": "k8s-test-app", "level": "INFO", "msg": "remoteAddr = 0:0:0:0:0:0:0:1, request = /log GET: 72 ms, 0 Ko", "thread":"http-nio-8888-exec-10", "class":"javamelody"}
{"timestamp":"2019-08-13 10:08:09.630", "app": "k8s-test-app", "level": "INFO", "msg": "msg:Message(id=-155767107, content=a799a893-ed39-4521-9b73-aed945f5e135)", "thread":"http-nio-8888-exec-6", "class":"cn.echisan.elk.app.LogController"}
{"timestamp":"2019-08-13 10:08:09.631", "app": "k8s-test-app", "level": "INFO", "msg": "remoteAddr = 0:0:0:0:0:0:0:1, request = /log GET: 2 ms, 0 Ko", "thread":"http-nio-8888-exec-6", "class":"javamelody"}
{"timestamp":"2019-08-13 10:08:10.239", "app": "k8s-test-app", "level": "INFO", "msg": "msg:Message(id=1682738084, content=98bfa04f-4d9d-4f73-8ca6-1c92c39229a1)", "thread":"http-nio-8888-exec-4", "class":"cn.echisan.elk.app.LogController"}
{"timestamp":"2019-08-13 10:08:10.240", "app": "k8s-test-app", "level": "INFO", "msg": "remoteAddr = 0:0:0:0:0:0:0:1, request = /log GET: 2 ms, 0 Ko", "thread":"http-nio-8888-exec-4", "class":"javamelody"}
{"timestamp":"2019-08-13 10:08:10.714", "app": "k8s-test-app", "level": "INFO", "msg": "msg:Message(id=-498294904, content=07de9af2-ae0b-4ccc-80cd-2de41faa5cfc)", "thread":"http-nio-8888-exec-5", "class":"cn.echisan.elk.app.LogController"}
{"timestamp":"2019-08-13 10:08:10.715", "app": "k8s-test-app", "level": "INFO", "msg": "remoteAddr = 0:0:0:0:0:0:0:1, request = /log GET: 2 ms, 0 Ko", "thread":"http-nio-8888-exec-5", "class":"javamelody"}
{"timestamp":"2019-08-13 10:08:11.211", "app": "k8s-test-app", "level": "INFO", "msg": "msg:Message(id=-313393528, content=3a0359a9-a5af-4448-9045-2808a159291b)", "thread":"http-nio-8888-exec-7", "class":"cn.echisan.elk.app.LogController"}
{"timestamp":"2019-08-13 10:08:11.212", "app": "k8s-test-app", "level": "INFO", "msg": "remoteAddr = 0:0:0:0:0:0:0:1, request = /log GET: 2 ms, 0 Ko", "thread":"http-nio-8888-exec-7", "class":"javamelody"}
{"timestamp":"2019-08-13 10:08:11.737", "app": "k8s-test-app", "level": "INFO", "msg": "msg:Message(id=1001312525, content=ec8bbe66-4ca4-4f71-aa1c-0b6792fb92e0)", "thread":"http-nio-8888-exec-2", "class":"cn.echisan.elk.app.LogController"}
{"timestamp":"2019-08-13 10:08:11.738", "app": "k8s-test-app", "level": "INFO", "msg": "remoteAddr = 0:0:0:0:0:0:0:1, request = /log GET: 2 ms, 0 Ko", "thread":"http-nio-8888-exec-2", "class":"javamelody"}
{"timestamp":"2019-08-13 10:15:58.452", "app": "k8s-test-app", "level": "INFO", "msg": "Shutting down ExecutorService 'applicationTaskExecutor'", "thread":"Thread-14", "class":"o.s.s.c.ThreadPoolTaskExecutor"}
